2023-06-21 11:18:31.380  INFO 29360 --- [main] p.a.c.ConfigServiceApplicationTests      : Starting ConfigServiceApplicationTests using Java 17.0.8 on WS-9724 with PID 29360 (started by albo0215 in C:\Projects\Trainings\algotrade-platform\config-service)
2023-06-21 11:18:31.403  INFO 29360 --- [main] p.a.c.ConfigServiceApplicationTests      : The following 1 profile is active: "native"
2023-06-21 11:18:35.131  INFO 29360 --- [main] o.s.cloud.context.scope.GenericScope     : BeanFactory id=5691b4c9-dcbf-3c35-ad23-13e74b737266
2023-06-21 11:18:40.563  INFO 29360 --- [main] o.s.cloud.commons.util.InetUtils         : Cannot determine local hostname
2023-06-21 11:18:42.582  INFO 29360 --- [main] o.s.cloud.commons.util.InetUtils         : Cannot determine local hostname
2023-06-21 11:18:43.144  WARN 29360 --- [main] iguration$LoadBalancerCaffeineWarnLogger : Spring Cloud LoadBalancer is currently working with the default cache. While this cache implementation is useful for development and tests, it's recommended to use Caffeine cache in production.You can switch to using Caffeine cache, by adding it and org.springframework.cache.caffeine.CaffeineCacheManager to the classpath.
2023-06-21 11:18:43.164  INFO 29360 --- [main] o.s.b.a.e.web.EndpointLinksResolver      : Exposing 18 endpoint(s) beneath base path '/actuator'
2023-06-21 11:18:43.411  INFO 29360 --- [main] p.a.c.ConfigServiceApplicationTests      : Started ConfigServiceApplicationTests in 14.591 seconds (JVM running for 17.679)
2023-06-21 11:18:43.466 ERROR 29360 --- [catalogWatchTaskScheduler-1] o.s.c.c.discovery.ConsulDiscoveryClient  : Error watching Consul CatalogServices

com.ecwid.consul.transport.TransportException: org.apache.http.conn.HttpHostConnectException: Connect to localhost:8500 [localhost/127.0.0.1, localhost/0:0:0:0:0:0:0:1] failed: Connection refused: no further information
	at com.ecwid.consul.transport.AbstractHttpTransport.executeRequest(AbstractHttpTransport.java:83) ~[consul-api-1.4.5.jar:na]
	at com.ecwid.consul.transport.AbstractHttpTransport.makeGetRequest(AbstractHttpTransport.java:36) ~[consul-api-1.4.5.jar:na]
	at com.ecwid.consul.v1.ConsulRawClient.makeGetRequest(ConsulRawClient.java:139) ~[consul-api-1.4.5.jar:na]
	at com.ecwid.consul.v1.catalog.CatalogConsulClient.getCatalogServices(CatalogConsulClient.java:143) ~[consul-api-1.4.5.jar:na]
	at com.ecwid.consul.v1.ConsulClient.getCatalogServices(ConsulClient.java:400) ~[consul-api-1.4.5.jar:na]
	at org.springframework.cloud.consul.discovery.ConsulCatalogWatch.catalogServicesWatch(ConsulCatalogWatch.java:130) ~[spring-cloud-consul-discovery-3.1.2.jar:3.1.2]
	at org.springframework.scheduling.support.DelegatingErrorHandlingRunnable.run(DelegatingErrorHandlingRunnable.java:54) ~[spring-context-5.3.23.jar:5.3.23]
	at java.base/java.util.concurrent.Executors$RunnableAdapter.call(Executors.java:539) ~[na:na]
	at java.base/java.util.concurrent.FutureTask.runAndReset(FutureTask.java:305) ~[na:na]
	at java.base/java.util.concurrent.ScheduledThreadPoolExecutor$ScheduledFutureTask.run(ScheduledThreadPoolExecutor.java:305) ~[na:na]
	at java.base/java.util.concurrent.ThreadPoolExecutor.runWorker(ThreadPoolExecutor.java:1136) ~[na:na]
	at java.base/java.util.concurrent.ThreadPoolExecutor$Worker.run(ThreadPoolExecutor.java:635) ~[na:na]
	at java.base/java.lang.Thread.run(Thread.java:857) ~[na:na]
Caused by: org.apache.http.conn.HttpHostConnectException: Connect to localhost:8500 [localhost/127.0.0.1, localhost/0:0:0:0:0:0:0:1] failed: Connection refused: no further information
	at org.apache.http.impl.conn.DefaultHttpClientConnectionOperator.connect(DefaultHttpClientConnectionOperator.java:156) ~[httpclient-4.5.13.jar:4.5.13]
	at org.apache.http.impl.conn.PoolingHttpClientConnectionManager.connect(PoolingHttpClientConnectionManager.java:376) ~[httpclient-4.5.13.jar:4.5.13]
	at org.apache.http.impl.execchain.MainClientExec.establishRoute(MainClientExec.java:393) ~[httpclient-4.5.13.jar:4.5.13]
	at org.apache.http.impl.execchain.MainClientExec.execute(MainClientExec.java:236) ~[httpclient-4.5.13.jar:4.5.13]
	at org.apache.http.impl.execchain.ProtocolExec.execute(ProtocolExec.java:186) ~[httpclient-4.5.13.jar:4.5.13]
	at org.apache.http.impl.execchain.RetryExec.execute(RetryExec.java:89) ~[httpclient-4.5.13.jar:4.5.13]
	at org.apache.http.impl.execchain.RedirectExec.execute(RedirectExec.java:110) ~[httpclient-4.5.13.jar:4.5.13]
	at org.apache.http.impl.client.InternalHttpClient.doExecute(InternalHttpClient.java:185) ~[httpclient-4.5.13.jar:4.5.13]
	at org.apache.http.impl.client.CloseableHttpClient.execute(CloseableHttpClient.java:72) ~[httpclient-4.5.13.jar:4.5.13]
	at org.apache.http.impl.client.CloseableHttpClient.execute(CloseableHttpClient.java:221) ~[httpclient-4.5.13.jar:4.5.13]
	at org.apache.http.impl.client.CloseableHttpClient.execute(CloseableHttpClient.java:165) ~[httpclient-4.5.13.jar:4.5.13]
	at org.apache.http.impl.client.CloseableHttpClient.execute(CloseableHttpClient.java:140) ~[httpclient-4.5.13.jar:4.5.13]
	at com.ecwid.consul.transport.AbstractHttpTransport.executeRequest(AbstractHttpTransport.java:70) ~[consul-api-1.4.5.jar:na]
	... 12 common frames omitted
Caused by: java.net.ConnectException: Connection refused: no further information
	at java.base/sun.nio.ch.Net.pollConnect(Native Method) ~[na:na]
	at java.base/sun.nio.ch.Net.pollConnectNow(Net.java:672) ~[na:na]
	at java.base/sun.nio.ch.NioSocketImpl.timedFinishConnect(NioSocketImpl.java:547) ~[na:na]
	at java.base/sun.nio.ch.NioSocketImpl.connect(NioSocketImpl.java:602) ~[na:na]
	at java.base/java.net.SocksSocketImpl.connect(SocksSocketImpl.java:327) ~[na:na]
	at java.base/java.net.Socket.connect(Socket.java:633) ~[na:na]
	at org.apache.http.conn.socket.PlainConnectionSocketFactory.connectSocket(PlainConnectionSocketFactory.java:75) ~[httpclient-4.5.13.jar:4.5.13]
	at org.apache.http.impl.conn.DefaultHttpClientConnectionOperator.connect(DefaultHttpClientConnectionOperator.java:142) ~[httpclient-4.5.13.jar:4.5.13]
	... 24 common frames omitted

2023-06-21 11:18:44.484 ERROR 29360 --- [catalogWatchTaskScheduler-1] o.s.c.c.discovery.ConsulDiscoveryClient  : Error watching Consul CatalogServices

com.ecwid.consul.transport.TransportException: org.apache.http.conn.HttpHostConnectException: Connect to localhost:8500 [localhost/127.0.0.1, localhost/0:0:0:0:0:0:0:1] failed: Connection refused: no further information
	at com.ecwid.consul.transport.AbstractHttpTransport.executeRequest(AbstractHttpTransport.java:83) ~[consul-api-1.4.5.jar:na]
	at com.ecwid.consul.transport.AbstractHttpTransport.makeGetRequest(AbstractHttpTransport.java:36) ~[consul-api-1.4.5.jar:na]
	at com.ecwid.consul.v1.ConsulRawClient.makeGetRequest(ConsulRawClient.java:139) ~[consul-api-1.4.5.jar:na]
	at com.ecwid.consul.v1.catalog.CatalogConsulClient.getCatalogServices(CatalogConsulClient.java:143) ~[consul-api-1.4.5.jar:na]
	at com.ecwid.consul.v1.ConsulClient.getCatalogServices(ConsulClient.java:400) ~[consul-api-1.4.5.jar:na]
	at org.springframework.cloud.consul.discovery.ConsulCatalogWatch.catalogServicesWatch(ConsulCatalogWatch.java:130) ~[spring-cloud-consul-discovery-3.1.2.jar:3.1.2]
	at org.springframework.scheduling.support.DelegatingErrorHandlingRunnable.run(DelegatingErrorHandlingRunnable.java:54) ~[spring-context-5.3.23.jar:5.3.23]
	at java.base/java.util.concurrent.Executors$RunnableAdapter.call(Executors.java:539) ~[na:na]
	at java.base/java.util.concurrent.FutureTask.runAndReset(FutureTask.java:305) ~[na:na]
	at java.base/java.util.concurrent.ScheduledThreadPoolExecutor$ScheduledFutureTask.run(ScheduledThreadPoolExecutor.java:305) ~[na:na]
	at java.base/java.util.concurrent.ThreadPoolExecutor.runWorker(ThreadPoolExecutor.java:1136) ~[na:na]
	at java.base/java.util.concurrent.ThreadPoolExecutor$Worker.run(ThreadPoolExecutor.java:635) ~[na:na]
	at java.base/java.lang.Thread.run(Thread.java:857) ~[na:na]
Caused by: org.apache.http.conn.HttpHostConnectException: Connect to localhost:8500 [localhost/127.0.0.1, localhost/0:0:0:0:0:0:0:1] failed: Connection refused: no further information
	at org.apache.http.impl.conn.DefaultHttpClientConnectionOperator.connect(DefaultHttpClientConnectionOperator.java:156) ~[httpclient-4.5.13.jar:4.5.13]
	at org.apache.http.impl.conn.PoolingHttpClientConnectionManager.connect(PoolingHttpClientConnectionManager.java:376) ~[httpclient-4.5.13.jar:4.5.13]
	at org.apache.http.impl.execchain.MainClientExec.establishRoute(MainClientExec.java:393) ~[httpclient-4.5.13.jar:4.5.13]
	at org.apache.http.impl.execchain.MainClientExec.execute(MainClientExec.java:236) ~[httpclient-4.5.13.jar:4.5.13]
	at org.apache.http.impl.execchain.ProtocolExec.execute(ProtocolExec.java:186) ~[httpclient-4.5.13.jar:4.5.13]
	at org.apache.http.impl.execchain.RetryExec.execute(RetryExec.java:89) ~[httpclient-4.5.13.jar:4.5.13]
	at org.apache.http.impl.execchain.RedirectExec.execute(RedirectExec.java:110) ~[httpclient-4.5.13.jar:4.5.13]
	at org.apache.http.impl.client.InternalHttpClient.doExecute(InternalHttpClient.java:185) ~[httpclient-4.5.13.jar:4.5.13]
	at org.apache.http.impl.client.CloseableHttpClient.execute(CloseableHttpClient.java:72) ~[httpclient-4.5.13.jar:4.5.13]
	at org.apache.http.impl.client.CloseableHttpClient.execute(CloseableHttpClient.java:221) ~[httpclient-4.5.13.jar:4.5.13]
	at org.apache.http.impl.client.CloseableHttpClient.execute(CloseableHttpClient.java:165) ~[httpclient-4.5.13.jar:4.5.13]
	at org.apache.http.impl.client.CloseableHttpClient.execute(CloseableHttpClient.java:140) ~[httpclient-4.5.13.jar:4.5.13]
	at com.ecwid.consul.transport.AbstractHttpTransport.executeRequest(AbstractHttpTransport.java:70) ~[consul-api-1.4.5.jar:na]
	... 12 common frames omitted
Caused by: java.net.ConnectException: Connection refused: no further information
	at java.base/sun.nio.ch.Net.pollConnect(Native Method) ~[na:na]
	at java.base/sun.nio.ch.Net.pollConnectNow(Net.java:672) ~[na:na]
	at java.base/sun.nio.ch.NioSocketImpl.timedFinishConnect(NioSocketImpl.java:547) ~[na:na]
	at java.base/sun.nio.ch.NioSocketImpl.connect(NioSocketImpl.java:602) ~[na:na]
	at java.base/java.net.SocksSocketImpl.connect(SocksSocketImpl.java:327) ~[na:na]
	at java.base/java.net.Socket.connect(Socket.java:633) ~[na:na]
	at org.apache.http.conn.socket.PlainConnectionSocketFactory.connectSocket(PlainConnectionSocketFactory.java:75) ~[httpclient-4.5.13.jar:4.5.13]
	at org.apache.http.impl.conn.DefaultHttpClientConnectionOperator.connect(DefaultHttpClientConnectionOperator.java:142) ~[httpclient-4.5.13.jar:4.5.13]
	... 24 common frames omitted

